Using pre-set license
Built from '2020.3/staging' branch; Version is '2020.3.32f1 (12f8b0834f07) revision 1243312'; Using compiler version '192528614'; Build Type 'Release'
OS: 'Windows 10  (10.0.19044) 64bit Professional' Language: 'ru' Physical Memory: 7863 MB
BatchMode: 1, IsHumanControllingUs: 0, StartBugReporterOnCrash: 0, Is64bit: 1, IsPro: 0

COMMAND LINE ARGUMENTS:
D:\UnityHub\2020.3.32f1\Editor\Unity.exe
-adb2
-batchMode
-noUpm
-name
AssetImportWorker2
-projectPath
C:/Users/wwwuz/UnityProject/T3gAME
-logFile
Logs/AssetImportWorker2.log
-srvPort
57934
Successfully changed project path to: C:/Users/wwwuz/UnityProject/T3gAME
C:/Users/wwwuz/UnityProject/T3gAME
Using Asset Import Pipeline V2.
Refreshing native plugins compatible for Editor in 44.63 ms, found 3 plugins.
Preloading 0 native plugins for Editor in 0.00 ms.
Initialize engine version: 2020.3.32f1 (12f8b0834f07)
[Subsystems] Discovering subsystems at path D:/UnityHub/2020.3.32f1/Editor/Data/Resources/UnitySubsystems
[Subsystems] Discovering subsystems at path C:/Users/wwwuz/UnityProject/T3gAME/Assets
GfxDevice: creating device client; threaded=0
Direct3D:
    Version:  Direct3D 11.0 [level 11.1]
    Renderer: NVIDIA GeForce GTX 1660 Ti (ID=0x2182)
    Vendor:   
    VRAM:     5991 MB
    Driver:   30.0.15.1123
Initialize mono
Mono path[0] = 'D:/UnityHub/2020.3.32f1/Editor/Data/Managed'
Mono path[1] = 'D:/UnityHub/2020.3.32f1/Editor/Data/MonoBleedingEdge/lib/mono/unityjit'
Mono config path = 'D:/UnityHub/2020.3.32f1/Editor/Data/MonoBleedingEdge/etc'
Using monoOptions --debugger-agent=transport=dt_socket,embedding=1,server=y,suspend=n,address=127.0.0.1:56448
Begin MonoManager ReloadAssembly
Registering precompiled unity dll's ...
Register platform support module: D:/UnityHub/2020.3.32f1/Editor/Data/PlaybackEngines/WebGLSupport/UnityEditor.WebGL.Extensions.dll
Register platform support module: D:/UnityHub/2020.3.32f1/Editor/Data/PlaybackEngines/WindowsStandaloneSupport/UnityEditor.WindowsStandalone.Extensions.dll
Registered in 0.001169 seconds.
Native extension for WindowsStandalone target not found
Native extension for WebGL target not found
Refreshing native plugins compatible for Editor in 47.57 ms, found 3 plugins.
Preloading 0 native plugins for Editor in 0.00 ms.
Mono: successfully reloaded assembly
- Completed reload, in  0.576 seconds
Domain Reload Profiling:
	ReloadAssembly (577ms)
		BeginReloadAssembly (60ms)
			ExecutionOrderSort (0ms)
			DisableScriptedObjects (0ms)
			BackupInstance (0ms)
			ReleaseScriptingObjects (0ms)
			CreateAndSetChildDomain (1ms)
		EndReloadAssembly (451ms)
			LoadAssemblies (59ms)
			RebuildTransferFunctionScriptingTraits (0ms)
			SetupTypeCache (146ms)
			ReleaseScriptCaches (0ms)
			RebuildScriptCaches (33ms)
			SetupLoadedEditorAssemblies (175ms)
				LogAssemblyErrors (0ms)
				InitializePlatformSupportModulesInManaged (4ms)
				SetLoadedEditorAssemblies (0ms)
				RefreshPlugins (48ms)
				BeforeProcessingInitializeOnLoad (16ms)
				ProcessInitializeOnLoadAttributes (79ms)
				ProcessInitializeOnLoadMethodAttributes (26ms)
				AfterProcessingInitializeOnLoad (0ms)
				EditorAssembliesLoaded (0ms)
			ExecutionOrderSort2 (0ms)
			AwakeInstancesAfterBackupRestoration (0ms)
Platform modules already initialized, skipping
Registering precompiled user dll's ...
Registered in 0.003483 seconds.
Begin MonoManager ReloadAssembly
Native extension for WindowsStandalone target not found
Native extension for WebGL target not found
Refreshing native plugins compatible for Editor in 44.19 ms, found 3 plugins.
Preloading 0 native plugins for Editor in 0.00 ms.
Mono: successfully reloaded assembly
- Completed reload, in  1.105 seconds
Domain Reload Profiling:
	ReloadAssembly (1105ms)
		BeginReloadAssembly (147ms)
			ExecutionOrderSort (0ms)
			DisableScriptedObjects (5ms)
			BackupInstance (0ms)
			ReleaseScriptingObjects (0ms)
			CreateAndSetChildDomain (18ms)
		EndReloadAssembly (905ms)
			LoadAssemblies (90ms)
			RebuildTransferFunctionScriptingTraits (0ms)
			SetupTypeCache (277ms)
			ReleaseScriptCaches (0ms)
			RebuildScriptCaches (59ms)
			SetupLoadedEditorAssemblies (359ms)
				LogAssemblyErrors (0ms)
				InitializePlatformSupportModulesInManaged (4ms)
				SetLoadedEditorAssemblies (0ms)
				RefreshPlugins (44ms)
				BeforeProcessingInitializeOnLoad (88ms)
				ProcessInitializeOnLoadAttributes (204ms)
				ProcessInitializeOnLoadMethodAttributes (16ms)
				AfterProcessingInitializeOnLoad (2ms)
				EditorAssembliesLoaded (0ms)
			ExecutionOrderSort2 (0ms)
			AwakeInstancesAfterBackupRestoration (6ms)
Platform modules already initialized, skipping
========================================================================
Worker process is ready to serve import requests
Launched and connected shader compiler UnityShaderCompiler.exe after 0.07 seconds
Refreshing native plugins compatible for Editor in 0.41 ms, found 3 plugins.
Preloading 0 native plugins for Editor in 0.00 ms.
Unloading 2205 Unused Serialized files (Serialized files now loaded: 0)
System memory in use before: 97.2 MB.
System memory in use after: 97.2 MB.

Unloading 31 unused Assets to reduce memory usage. Loaded Objects now: 2638.
Total: 2.674500 ms (FindLiveObjects: 0.126000 ms CreateObjectMapping: 0.065900 ms MarkObjects: 2.357700 ms  DeleteObjects: 0.124300 ms)

AssetImportParameters requested are different than current active one (requested -> active):
  custom:framework-win-MediaFoundation: 216162199b28c13a410421893ffa2e32 -> 
  custom:video-decoder-ogg-theora: a1e56fd34408186e4bbccfd4996cb3dc -> 
  custom:container-muxer-webm: aa71ff27fc2769a1b78a27578f13a17b -> 
  custom:container-demuxer-webm: 4f35f7cbe854078d1ac9338744f61a02 -> 
  custom:container-demuxer-ogg: 62fdf1f143b41e24485cea50d1cbac27 -> 
  custom:video-encoder-webm-vp8: eb34c28f22e8b96e1ab97ce403110664 -> 
  custom:video-decoder-webm-vp8: 9c59270c3fd7afecdb556c50c9e8de78 -> 
  custom:audio-decoder-ogg-vorbis: bf7c407c2cedff20999df2af8eb42d56 -> 
  custom:audio-encoder-webm-vorbis: bf7c407c2cedff20999df2af8eb42d56 -> 
========================================================================
Received Import Request.
  path: Assets/Resources/Bullet.prefab
  artifactKey: Guid(b7a29d966a17d79468e9e8143644e715) Importer(815301076,1909f56bfc062723c751e8b465ee728b)
Start importing Assets/Resources/Bullet.prefab using Guid(b7a29d966a17d79468e9e8143644e715) Importer(815301076,1909f56bfc062723c751e8b465ee728b)  -> (artifact id: '35756965de8125ddb532aee6fb2ce518') in 0.060276 seconds 
========================================================================
Received Import Request.
  Time since last request: 0.005156 seconds.
  path: Assets/Scripts/MoveUp.cs
  artifactKey: Guid(73e08c9ccc902df4ab721cc6661f6804) Importer(815301076,1909f56bfc062723c751e8b465ee728b)
Start importing Assets/Scripts/MoveUp.cs using Guid(73e08c9ccc902df4ab721cc6661f6804) Importer(815301076,1909f56bfc062723c751e8b465ee728b)  -> (artifact id: '5041e63bdaf9a324fe56f8a71582fa1a') in 0.008374 seconds 
========================================================================
Received Import Request.
  Time since last request: 0.009763 seconds.
  path: Assets/Scripts/PlayerController.cs
  artifactKey: Guid(773e7191484e28042be0f47dd3fe1016) Importer(815301076,1909f56bfc062723c751e8b465ee728b)
Start importing Assets/Scripts/PlayerController.cs using Guid(773e7191484e28042be0f47dd3fe1016) Importer(815301076,1909f56bfc062723c751e8b465ee728b)  -> (artifact id: 'd70b4aec741ff39505a35721ee2a1b84') in 0.005771 seconds 
========================================================================
Received Import Request.
  Time since last request: 0.010381 seconds.
  path: Assets/Animations/Enemy.controller
  artifactKey: Guid(6182fd66c875d184fa172b581ae74c8b) Importer(815301076,1909f56bfc062723c751e8b465ee728b)
Start importing Assets/Animations/Enemy.controller using Guid(6182fd66c875d184fa172b581ae74c8b) Importer(815301076,1909f56bfc062723c751e8b465ee728b)  -> (artifact id: '334f826d151014bb426ccafe3332c5dd') in 0.005797 seconds 
========================================================================
Received Import Request.
  Time since last request: 0.003735 seconds.
  path: Assets/Scenes
  artifactKey: Guid(131a6b21c8605f84396be9f6751fb6e3) Importer(815301076,1909f56bfc062723c751e8b465ee728b)
Start importing Assets/Scenes using Guid(131a6b21c8605f84396be9f6751fb6e3) Importer(815301076,1909f56bfc062723c751e8b465ee728b)  -> (artifact id: 'df75b7d1a31c5b4f73fd45661b403b04') in 0.004465 seconds 
========================================================================
Received Import Request.
  Time since last request: 0.005815 seconds.
  path: Assets/Scripts/Upgrade.cs
  artifactKey: Guid(b500197593f196f4d804c3cfc171c1d5) Importer(815301076,1909f56bfc062723c751e8b465ee728b)
Start importing Assets/Scripts/Upgrade.cs using Guid(b500197593f196f4d804c3cfc171c1d5) Importer(815301076,1909f56bfc062723c751e8b465ee728b)  -> (artifact id: 'ccb2d9b47bc30e1e6793ca7e9f42b5c2') in 0.001958 seconds 
========================================================================
Received Import Request.
  Time since last request: 0.015282 seconds.
  path: Assets/Animations/IdleEnemy.anim
  artifactKey: Guid(76cb7e3e869bbb94480992f4d657c4b0) Importer(815301076,1909f56bfc062723c751e8b465ee728b)
Start importing Assets/Animations/IdleEnemy.anim using Guid(76cb7e3e869bbb94480992f4d657c4b0) Importer(815301076,1909f56bfc062723c751e8b465ee728b)  -> (artifact id: '87c7bfa9aa837c56049dd5ff4b1e3b15') in 0.008072 seconds 
========================================================================
Received Import Request.
  Time since last request: 0.003727 seconds.
  path: Assets/Sprites
  artifactKey: Guid(8a95be81a3abe9b4bbe6bc15f81bf26d) Importer(815301076,1909f56bfc062723c751e8b465ee728b)
Start importing Assets/Sprites using Guid(8a95be81a3abe9b4bbe6bc15f81bf26d) Importer(815301076,1909f56bfc062723c751e8b465ee728b)  -> (artifact id: 'fb64e5bcaa98348d64dbec9d5dc2554d') in 0.004697 seconds 
========================================================================
Received Import Request.
  Time since last request: 0.016073 seconds.
  path: Assets/Resources/BulletMega.prefab
  artifactKey: Guid(ec019442effae244dba2b448bb4c460e) Importer(815301076,1909f56bfc062723c751e8b465ee728b)
Start importing Assets/Resources/BulletMega.prefab using Guid(ec019442effae244dba2b448bb4c460e) Importer(815301076,1909f56bfc062723c751e8b465ee728b)  -> (artifact id: '0f0f796ffc6a793afefd592e488ce60c') in 0.003857 seconds 
========================================================================
Received Import Request.
  Time since last request: 0.005366 seconds.
  path: Assets/Scripts/CreateEnemysScene.cs
  artifactKey: Guid(54dd4cb6e963b334ca041d544ffdc4ad) Importer(815301076,1909f56bfc062723c751e8b465ee728b)
Start importing Assets/Scripts/CreateEnemysScene.cs using Guid(54dd4cb6e963b334ca041d544ffdc4ad) Importer(815301076,1909f56bfc062723c751e8b465ee728b)  -> (artifact id: '930a2941a395d0a0a5a5381b5f368179') in 0.004203 seconds 
========================================================================
Received Import Request.
  Time since last request: 0.005174 seconds.
  path: Assets/Scenes/SampleScene.unity
  artifactKey: Guid(2cda990e2423bbf4892e6590ba056729) Importer(815301076,1909f56bfc062723c751e8b465ee728b)
Start importing Assets/Scenes/SampleScene.unity using Guid(2cda990e2423bbf4892e6590ba056729) Importer(815301076,1909f56bfc062723c751e8b465ee728b)  -> (artifact id: '57e0f26867fd09a7e4969cf56f17b3fb') in 0.004491 seconds 
========================================================================
Received Import Request.
  Time since last request: 0.011565 seconds.
  path: Assets/Resources/BulletTrio.prefab
  artifactKey: Guid(89fc91036227c0b498c62417f53f68c3) Importer(815301076,1909f56bfc062723c751e8b465ee728b)
Start importing Assets/Resources/BulletTrio.prefab using Guid(89fc91036227c0b498c62417f53f68c3) Importer(815301076,1909f56bfc062723c751e8b465ee728b)  -> (artifact id: '2d561ee25ca78b803af89a1ffb456584') in 0.004339 seconds 
AssetImportWorkerClient::OnTransportError - code=2 error=End of file
